# JRE version: Java(TM) SE Runtime Environment (8.0_31-b13) (build 1.8.0_31-b13)
# Java VM: Java HotSpot(TM) 64-Bit Server VM (25.31-b07 mixed mode windows-amd64 compressed oops)
Heap:
 PSYoungGen      total 315904K, used 154548K [0x00000000eab00000, 0x0000000100000000, 0x0000000100000000)
  eden space 292864K, 45% used [0x00000000eab00000,0x00000000f2bc7100,0x00000000fc900000)
  from space 23040K, 98% used [0x00000000fc900000,0x00000000fdf261f8,0x00000000fdf80000)
  to   space 30208K, 0% used [0x00000000fe280000,0x00000000fe280000,0x0000000100000000)
 ParOldGen       total 109056K, used 41391K [0x00000000c0000000, 0x00000000c6a80000, 0x00000000eab00000)
  object space 109056K, 37% used [0x00000000c0000000,0x00000000c286bcc0,0x00000000c6a80000)
 Metaspace       used 66506K, capacity 68710K, committed 69248K, reserved 1110016K
  class space    used 8536K, capacity 8973K, committed 9088K, reserved 1048576K
GC Heap History (10 events):
Event: 15547.587 GC heap before
{Heap before GC invocations=40 (full 10):
 PSYoungGen      total 286720K, used 4079K [0x00000000eab00000, 0x00000000fe000000, 0x0000000100000000)
  eden space 259072K, 0% used [0x00000000eab00000,0x00000000eab00000,0x00000000fa800000)
  from space 27648K, 14% used [0x00000000fc500000,0x00000000fc8fbe80,0x00000000fe000000)
  to   space 28672K, 0% used [0x00000000fa800000,0x00000000fa800000,0x00000000fc400000)
 ParOldGen       total 109056K, used 40532K [0x00000000c0000000, 0x00000000c6a80000, 0x00000000eab00000)
  object space 109056K, 37% used [0x00000000c0000000,0x00000000c2795058,0x00000000c6a80000)
 Metaspace       used 64922K, capacity 67190K, committed 67328K, reserved 1107968K
  class space    used 8399K, capacity 8834K, committed 8960K, reserved 1048576K
Event: 15564.752 GC heap after
Heap after GC invocations=40 (full 10):
 PSYoungGen      total 286720K, used 0K [0x00000000eab00000, 0x00000000fe000000, 0x0000000100000000)
  eden space 259072K, 0% used [0x00000000eab00000,0x00000000eab00000,0x00000000fa800000)
  from space 27648K, 0% used [0x00000000fc500000,0x00000000fc500000,0x00000000fe000000)
  to   space 28672K, 0% used [0x00000000fa800000,0x00000000fa800000,0x00000000fc400000)
 ParOldGen       total 109056K, used 29419K [0x00000000c0000000, 0x00000000c6a80000, 0x00000000eab00000)
  object space 109056K, 26% used [0x00000000c0000000,0x00000000c1cbaf78,0x00000000c6a80000)
 Metaspace       used 63780K, capacity 64846K, committed 67328K, reserved 1107968K
  class space    used 8101K, capacity 8243K, committed 8960K, reserved 1048576K
}
Event: 16928.105 GC heap before
{Heap before GC invocations=41 (full 10):
 PSYoungGen      total 286720K, used 259072K [0x00000000eab00000, 0x00000000fe000000, 0x0000000100000000)
  eden space 259072K, 100% used [0x00000000eab00000,0x00000000fa800000,0x00000000fa800000)
  from space 27648K, 0% used [0x00000000fc500000,0x00000000fc500000,0x00000000fe000000)
  to   space 28672K, 0% used [0x00000000fa800000,0x00000000fa800000,0x00000000fc400000)
 ParOldGen       total 109056K, used 29419K [0x00000000c0000000, 0x00000000c6a80000, 0x00000000eab00000)
  object space 109056K, 26% used [0x00000000c0000000,0x00000000c1cbaf78,0x00000000c6a80000)
 Metaspace       used 64373K, capacity 65788K, committed 67584K, reserved 1107968K
  class space    used 8199K, capacity 8394K, committed 8960K, reserved 1048576K
Event: 16929.481 GC heap after
Heap after GC invocations=41 (full 10):
 PSYoungGen      total 287744K, used 13727K [0x00000000eab00000, 0x0000000100000000, 0x0000000100000000)
  eden space 259072K, 0% used [0x00000000eab00000,0x00000000eab00000,0x00000000fa800000)
  from space 28672K, 47% used [0x00000000fa800000,0x00000000fb567c50,0x00000000fc400000)
  to   space 28672K, 0% used [0x00000000fe400000,0x00000000fe400000,0x0000000100000000)
 ParOldGen       total 109056K, used 29427K [0x00000000c0000000, 0x00000000c6a80000, 0x00000000eab00000)
  object space 109056K, 26% used [0x00000000c0000000,0x00000000c1cbcf78,0x00000000c6a80000)
 Metaspace       used 64373K, capacity 65788K, committed 67584K, reserved 1107968K
  class space    used 8199K, capacity 8394K, committed 8960K, reserved 1048576K
}
Event: 16975.618 GC heap before
{Heap before GC invocations=42 (full 10):
 PSYoungGen      total 287744K, used 178483K [0x00000000eab00000, 0x0000000100000000, 0x0000000100000000)
  eden space 259072K, 63% used [0x00000000eab00000,0x00000000f4be5248,0x00000000fa800000)
  from space 28672K, 47% used [0x00000000fa800000,0x00000000fb567c50,0x00000000fc400000)
  to   space 28672K, 0% used [0x00000000fe400000,0x00000000fe400000,0x0000000100000000)
 ParOldGen       total 109056K, used 29427K [0x00000000c0000000, 0x00000000c6a80000, 0x00000000eab00000)
  object space 109056K, 26% used [0x00000000c0000000,0x00000000c1cbcf78,0x00000000c6a80000)
 Metaspace       used 64798K, capacity 66620K, committed 67840K, reserved 1107968K
  class space    used 8327K, capacity 8683K, committed 8960K, reserved 1048576K
Event: 16979.784 GC heap after
Heap after GC invocations=42 (full 10):
 PSYoungGen      total 319488K, used 7393K [0x00000000eab00000, 0x00000000ffe00000, 0x0000000100000000)
  eden space 292864K, 0% used [0x00000000eab00000,0x00000000eab00000,0x00000000fc900000)
  from space 26624K, 27% used [0x00000000fe400000,0x00000000feb38460,0x00000000ffe00000)
  to   space 27136K, 0% used [0x00000000fc900000,0x00000000fc900000,0x00000000fe380000)
 ParOldGen       total 109056K, used 40600K [0x00000000c0000000, 0x00000000c6a80000, 0x00000000eab00000)
  object space 109056K, 37% used [0x00000000c0000000,0x00000000c27a6028,0x00000000c6a80000)
 Metaspace       used 64798K, capacity 66620K, committed 67840K, reserved 1107968K
  class space    used 8327K, capacity 8683K, committed 8960K, reserved 1048576K
}
Event: 16979.784 GC heap before
{Heap before GC invocations=43 (full 11):
 PSYoungGen      total 319488K, used 7393K [0x00000000eab00000, 0x00000000ffe00000, 0x0000000100000000)
  eden space 292864K, 0% used [0x00000000eab00000,0x00000000eab00000,0x00000000fc900000)
  from space 26624K, 27% used [0x00000000fe400000,0x00000000feb38460,0x00000000ffe00000)
  to   space 27136K, 0% used [0x00000000fc900000,0x00000000fc900000,0x00000000fe380000)
 ParOldGen       total 109056K, used 40600K [0x00000000c0000000, 0x00000000c6a80000, 0x00000000eab00000)
  object space 109056K, 37% used [0x00000000c0000000,0x00000000c27a6028,0x00000000c6a80000)
 Metaspace       used 64798K, capacity 66620K, committed 67840K, reserved 1107968K
  class space    used 8327K, capacity 8683K, committed 8960K, reserved 1048576K
Event: 16980.305 GC heap after
Heap after GC invocations=43 (full 11):
 PSYoungGen      total 319488K, used 0K [0x00000000eab00000, 0x00000000ffe00000, 0x0000000100000000)
  eden space 292864K, 0% used [0x00000000eab00000,0x00000000eab00000,0x00000000fc900000)
  from space 26624K, 0% used [0x00000000fe400000,0x00000000fe400000,0x00000000ffe00000)
  to   space 27136K, 0% used [0x00000000fc900000,0x00000000fc900000,0x00000000fe380000)
 ParOldGen       total 109056K, used 41383K [0x00000000c0000000, 0x00000000c6a80000, 0x00000000eab00000)
  object space 109056K, 37% used [0x00000000c0000000,0x00000000c2869cc0,0x00000000c6a80000)
 Metaspace       used 64580K, capacity 66228K, committed 67840K, reserved 1107968K
  class space    used 8285K, capacity 8617K, committed 8960K, reserved 1048576K
}
Event: 17078.659 GC heap before
{Heap before GC invocations=44 (full 11):
 PSYoungGen      total 319488K, used 292864K [0x00000000eab00000, 0x00000000ffe00000, 0x0000000100000000)
  eden space 292864K, 100% used [0x00000000eab00000,0x00000000fc900000,0x00000000fc900000)
  from space 26624K, 0% used [0x00000000fe400000,0x00000000fe400000,0x00000000ffe00000)
  to   space 27136K, 0% used [0x00000000fc900000,0x00000000fc900000,0x00000000fe380000)
 ParOldGen       total 109056K, used 41383K [0x00000000c0000000, 0x00000000c6a80000, 0x00000000eab00000)
  object space 109056K, 37% used [0x00000000c0000000,0x00000000c2869cc0,0x00000000c6a80000)
 Metaspace       used 66423K, capacity 68634K, committed 69248K, reserved 1110016K
  class space    used 8533K, capacity 8971K, committed 9088K, reserved 1048576K
Event: 17080.225 GC heap after
Heap after GC invocations=44 (full 11):
 PSYoungGen      total 315904K, used 22680K [0x00000000eab00000, 0x0000000100000000, 0x0000000100000000)
  eden space 292864K, 0% used [0x00000000eab00000,0x00000000eab00000,0x00000000fc900000)
  from space 23040K, 98% used [0x00000000fc900000,0x00000000fdf261f8,0x00000000fdf80000)
  to   space 30208K, 0% used [0x00000000fe280000,0x00000000fe280000,0x0000000100000000)
 ParOldGen       total 109056K, used 41391K [0x00000000c0000000, 0x00000000c6a80000, 0x00000000eab00000)
  object space 109056K, 37% used [0x00000000c0000000,0x00000000c286bcc0,0x00000000c6a80000)
 Metaspace       used 66423K, capacity 68634K, committed 69248K, reserved 1110016K
  class space    used 8533K, capacity 8971K, committed 9088K, reserved 1048576K
}

